#
# There is insufficient memory for the Java Runtime Environment to continue.
# Native memory allocation (malloc) failed to allocate 1048576 bytes for AllocateHeap
# Possible reasons:
#   The system is out of physical RAM or swap space
#   In 32 bit mode, the process size limit was hit
# Possible solutions:
#   Reduce memory load on the system
#   Increase physical memory or swap space
#   Check if swap backing store is full
#   Use 64 bit Java on a 64 bit OS
#   Decrease Java heap size (-Xmx/-Xms)
#   Decrease number of Java threads
#   Decrease Java thread stack sizes (-Xss)
#   Set larger code cache with -XX:ReservedCodeCacheSize=
# This output file may be truncated or incomplete.
#
#  Out of Memory Error (memory/allocation.inline.hpp:61), pid=11072, tid=0x0000000000002e00
#
# JRE version:  (8.0_152-b02) (build )
# Java VM: OpenJDK 64-Bit Server VM (25.152-b02 mixed mode windows-amd64 compressed oops)
# Failed to write core dump. Minidumps are not enabled by default on client versions of Windows
#

---------------  T H R E A D  ---------------

Current thread (0x0000000003163000):  JavaThread "Unknown thread" [_thread_in_vm, id=11776, stack(0x0000000002f90000,0x0000000003090000)]

Stack: [0x0000000002f90000,0x0000000003090000]
[error occurred during error reporting (printing stack bounds), id 0xc0000005]

Native frames: (J=compiled Java code, j=interpreted, Vv=VM code, C=native code)


---------------  P R O C E S S  ---------------

Java Threads: ( => current thread )

Other Threads:

=>0x0000000003163000 (exited) JavaThread "Unknown thread" [_thread_in_vm, id=11776, stack(0x0000000002f90000,0x0000000003090000)]

VM state:not at safepoint (normal execution)

VM Mutex/Monitor currently owned by a thread: None

Heap:
 PSYoungGen      total 38400K, used 665K [0x00000000d5f00000, 0x00000000d8980000, 0x0000000100000000)
  eden space 33280K, 2% used [0x00000000d5f00000,0x00000000d5fa6670,0x00000000d7f80000)
  from space 5120K, 0% used [0x00000000d8480000,0x00000000d8480000,0x00000000d8980000)
  to   space 5120K, 0% used [0x00000000d7f80000,0x00000000d7f80000,0x00000000d8480000)
 ParOldGen       total 87552K, used 0K [0x0000000081c00000, 0x0000000087180000, 0x00000000d5f00000)
  object space 87552K, 0% used [0x0000000081c00000,0x0000000081c00000,0x0000000087180000)
 Metaspace       used 772K, capacity 4480K, committed 4480K, reserved 1056768K
  class space    used 73K, capacity 384K, committed 384K, reserved 1048576K

Card table byte_map: [0x0000000012620000,0x0000000012a20000] byte_map_base: 0x0000000012212000

Marking Bits: (ParMarkBitMap*) 0x00000000564a4970
 Begin Bits: [0x00000000130d0000, 0x0000000015060000)
 End Bits:   [0x0000000015060000, 0x0000000016ff0000)

Polling page: 0x0000000001260000

CodeCache: size=245760Kb used=328Kb max_used=328Kb free=245431Kb
 bounds [0x0000000003260000, 0x00000000034d0000, 0x0000000012260000]
 total_blobs=57 nmethods=0 adapters=38
 compilation: enabled

Compilation events (0 events):
No events

GC Heap History (0 events):
No events

Deoptimization events (0 events):
No events

Classes redefined (0 events):
No events

Internal exceptions (0 events):
No events

Events (10 events):
Event: 0.019 loading class java/lang/Short
Event: 0.019 loading class java/lang/Short done
Event: 0.019 loading class java/lang/Integer
Event: 0.019 loading class java/lang/Integer done
Event: 0.019 loading class java/lang/Long
Event: 0.019 loading class java/lang/Long done
Event: 0.020 loading class java/lang/NullPointerException
Event: 0.020 loading class java/lang/NullPointerException done
Event: 0.020 loading class java/lang/ArithmeticException
Event: 0.020 loading class java/lang/ArithmeticException done


Dynamic libraries:
0x00007ff7b6ab0000 - 0x00007ff7b6ae1000 	C:\Program Files\Android\Android Studio\jre\bin\java.EXE
0x00007ffea6000000 - 0x00007ffea61e1000 	C:\WINDOWS\SYSTEM32\ntdll.dll
0x00007ffea3490000 - 0x00007ffea3542000 	C:\WINDOWS\System32\KERNEL32.DLL
0x00007ffea3210000 - 0x00007ffea3483000 	C:\WINDOWS\System32\KERNELBASE.dll
0x00007ffea3b40000 - 0x00007ffea3be1000 	C:\WINDOWS\System32\ADVAPI32.dll
0x00007ffea3fa0000 - 0x00007ffea403e000 	C:\WINDOWS\System32\msvcrt.dll
0x00007ffea3e70000 - 0x00007ffea3ecb000 	C:\WINDOWS\System32\sechost.dll
0x00007ffea3550000 - 0x00007ffea3674000 	C:\WINDOWS\System32\RPCRT4.dll
0x00007ffea5e40000 - 0x00007ffea5fd0000 	C:\WINDOWS\System32\USER32.dll
0x00007ffea3020000 - 0x00007ffea3040000 	C:\WINDOWS\System32\win32u.dll
0x00007ffea3b10000 - 0x00007ffea3b38000 	C:\WINDOWS\System32\GDI32.dll
0x00007ffea2e80000 - 0x00007ffea3012000 	C:\WINDOWS\System32\gdi32full.dll
0x00007ffea3170000 - 0x00007ffea320f000 	C:\WINDOWS\System32\msvcp_win.dll
0x00007ffea23d0000 - 0x00007ffea24ca000 	C:\WINDOWS\System32\ucrtbase.dll
0x00007ffe92fc0000 - 0x00007ffe93229000 	C:\WINDOWS\WinSxS\amd64_microsoft.windows.common-controls_6595b64144ccf1df_6.0.17134.165_none_fb429645306569ac\COMCTL32.dll
0x00007ffea37e0000 - 0x00007ffea3b03000 	C:\WINDOWS\System32\combase.dll
0x00007ffea30f0000 - 0x00007ffea316a000 	C:\WINDOWS\System32\bcryptPrimitives.dll
0x00007ffea4250000 - 0x00007ffea427d000 	C:\WINDOWS\System32\IMM32.DLL
0x0000000056520000 - 0x00000000565f2000 	C:\Program Files\Android\Android Studio\jre\jre\bin\msvcr100.dll
0x0000000055ce0000 - 0x000000005651f000 	C:\Program Files\Android\Android Studio\jre\jre\bin\server\jvm.dll
0x00007ffea40a0000 - 0x00007ffea40a8000 	C:\WINDOWS\System32\PSAPI.DLL
0x00007ffe92560000 - 0x00007ffe92569000 	C:\WINDOWS\SYSTEM32\WSOCK32.dll
0x00007ffe94370000 - 0x00007ffe94393000 	C:\WINDOWS\SYSTEM32\WINMM.dll
0x00007ffea58e0000 - 0x00007ffea594c000 	C:\WINDOWS\System32\WS2_32.dll
0x00007ffe9b360000 - 0x00007ffe9b36a000 	C:\WINDOWS\SYSTEM32\VERSION.dll
0x00007ffe94100000 - 0x00007ffe9412a000 	C:\WINDOWS\SYSTEM32\WINMMBASE.dll
0x00007ffea24d0000 - 0x00007ffea2519000 	C:\WINDOWS\System32\cfgmgr32.dll
0x00007ffe93f10000 - 0x00007ffe93f1f000 	C:\Program Files\Android\Android Studio\jre\jre\bin\verify.dll
0x00007ffe93ee0000 - 0x00007ffe93f09000 	C:\Program Files\Android\Android Studio\jre\jre\bin\java.dll
0x00007ffe93ec0000 - 0x00007ffe93ed6000 	C:\Program Files\Android\Android Studio\jre\jre\bin\zip.dll

VM Arguments:
java_command: <unknown>
java_class_path (initial): .
Launcher Type: SUN_STANDARD

Environment Variables:
JAVA_HOME=C:\Program Files\Java\jdk1.8.0_171
PATH=C:\Program Files (x86)\Common Files\Oracle\Java\javapath;c:\program files\graphicsmagick-1.3.28-q16;;C:\WINDOWS\system32;C:\WINDOWS;C:\WINDOWS\System32\Wbem;C:\WINDOWS\System32\WindowsPowerShell\v1.0\;C:\Program Files\Git\cmd;C:\Users\Anyesh\Anaconda3;C:\Users\Anyesh\Anaconda3\Library\mingw-w64\bin;C:\Users\Anyesh\Anaconda3\Library\usr\bin;C:\Users\Anyesh\Anaconda3\Library\bin;C:\Users\Anyesh\Anaconda3\Scripts;C:\Users\Anyesh\AppData\Roaming\npm;C:\Users\Anyesh\AppData\Local\atom\bin;C:\Users\Anyesh\AppData\Local\Microsoft\WindowsApps;C:\adb;C:\Program Files\PuTTY\;C:\Program Files\CMake\bin;C:\Go\bin;C:\MITMF\metasploit-framework\bin\;C:\ProgramData\chocolatey\bin;C:\Program Files\nodejs\;C:\WINDOWS\system32;C:\WINDOWS;C:\WINDOWS\System32\Wbem;C:\WINDOWS\System32\WindowsPowerShell\v1.0\;C:\WINDOWS\System32\OpenSSH\;C:\Program Files\Microsoft VS Code\bin;C:\Users\Anyesh\Anaconda3;C:\Users\Anyesh\Anaconda3\Library\mingw-w64\bin;C:\Users\Anyesh\Anaconda3\Library\usr\bin;C:\Users\Anyesh\Anaconda3\Library\bin;C:\Users\Anyesh\Anaconda3\Scripts;C:\Users\Anyesh\AppData\Local\Microsoft\WindowsApps;C:\Program Files\Heroku\bin;C:\Program Files\Sublime Text 3;C:\mongodb\bin;C:\Users\Anyesh\AppData\Local\atom\bin;C:\youtube-dl\;C:\Program Files\Microsoft VS Code\bin;C:\nmap-7.70;C:\User\Anyesh\AppData\Local\Android\Sdk;C:\MAMP\bin\php\php7.0.0;C:\Users\Anyesh\AppData\Roaming\npm;C:\Users\Anyesh\AppData\Local\Microsoft\WindowsApps;C:\Users\Anyesh\AppData\Local\.meteor\;C:\flutter\bin;
USERNAME=Anyesh
OS=Windows_NT
PROCESSOR_IDENTIFIER=Intel64 Family 6 Model 78 Stepping 3, GenuineIntel



---------------  S Y S T E M  ---------------

OS: Windows 10.0 , 64 bit Build 17134 (10.0.17134.1)

CPU:total 4 (initial active 4) (2 cores per cpu, 2 threads per core) family 6 model 78 stepping 3, cmov, cx8, fxsr, mmx, sse, sse2, sse3, ssse3, sse4.1, sse4.2, popcnt, avx, avx2, aes, clmul, erms, 3dnowpref, lzcnt, ht, tsc, tscinvbit, bmi1, bmi2, adx

Memory: 4k page, physical 8267680k(790244k free), swap 12169120k(3016k free)

vm_info: OpenJDK 64-Bit Server VM (25.152-b02) for windows-amd64 JRE (1.8.0_152-release-1024-b02), built by "builder" with MS VC++ 10.0 (VS2010)

time: Thu Jul 19 09:57:25 2018
elapsed time: 0 seconds (0d 0h 0m 0s)

